#
# There is insufficient memory for the Java Runtime Environment to continue.
# Native memory allocation (mmap) failed to map 132120576 bytes for Failed to commit area from 0x0000000082e00000 to 0x000000008ac00000 of length 132120576.
# Possible reasons:
#   The system is out of physical RAM or swap space
#   The process is running with CompressedOops enabled, and the Java Heap may be blocking the growth of the native heap
# Possible solutions:
#   Reduce memory load on the system
#   Increase physical memory or swap space
#   Check if swap backing store is full
#   Decrease Java heap size (-Xmx/-Xms)
#   Decrease number of Java threads
#   Decrease Java thread stack sizes (-Xss)
#   Set larger code cache with -XX:ReservedCodeCacheSize=
# This output file may be truncated or incomplete.
#
#  Out of Memory Error (t:/workspace/open/src/hotspot/os/windows/os_windows.cpp:3274), pid=17928, tid=13016
#
# JRE version:  (11.0.5+10) (build )
# Java VM: Java HotSpot(TM) 64-Bit Server VM (11.0.5+10-LTS, mixed mode, aot, sharing, tiered, compressed oops, g1 gc, windows-amd64)
# No core dump will be written. Minidumps are not enabled by default on client versions of Windows
#

---------------  S U M M A R Y ------------

Command Line: -XX:TieredStopAtLevel=1 -Xverify:none -Dspring.output.ansi.enabled=always -Dcom.sun.management.jmxremote -Dspring.jmx.enabled=true -Dspring.liveBeansView.mbeanDomain -Dspring.application.admin.enabled=true -javaagent:C:\Program Files\JetBrains\IntelliJ IDEA 2020.2.3\lib\idea_rt.jar=64800:C:\Program Files\JetBrains\IntelliJ IDEA 2020.2.3\bin -Dfile.encoding=UTF-8 kr.co.fastcampus.eatgo.EatgoApplication

Host: Intel(R) Core(TM) i7-8565U CPU @ 1.80GHz, 8 cores, 7G,  Windows 10 , 64 bit Build 19041 (10.0.19041.1706)
Time: Tue Jun 14 12:35:16 2022 대한민국 표준시 elapsed time: 0 seconds (0d 0h 0m 0s)

---------------  T H R E A D  ---------------

Current thread (0x000001c5d4c7e800):  JavaThread "Unknown thread" [_thread_in_vm, id=13016, stack(0x0000007e2d900000,0x0000007e2da00000)]

Stack: [0x0000007e2d900000,0x0000007e2da00000]
Native frames: (J=compiled Java code, j=interpreted, Vv=VM code, C=native code)
V  [jvm.dll+0x63611a]
V  [jvm.dll+0x77426f]
V  [jvm.dll+0x77591a]
V  [jvm.dll+0x775fd3]
V  [jvm.dll+0x25e608]
V  [jvm.dll+0x6335ca]
V  [jvm.dll+0x627f85]
V  [jvm.dll+0x314ecc]
V  [jvm.dll+0x314d52]
V  [jvm.dll+0x31a5c6]
V  [jvm.dll+0x3666bf]
V  [jvm.dll+0x3660e0]
V  [jvm.dll+0x2f1c48]
V  [jvm.dll+0x2f2db6]
V  [jvm.dll+0x74d437]
V  [jvm.dll+0x74ebaf]
V  [jvm.dll+0x3734f9]
V  [jvm.dll+0x733ae9]
V  [jvm.dll+0x3e2e1d]
V  [jvm.dll+0x3e51e1]
C  [java.exe+0x3607]
C  [java.exe+0x178dc]
C  [KERNEL32.DLL+0x17034]
C  [ntdll.dll+0x52651]


---------------  P R O C E S S  ---------------

Threads class SMR info:
_java_thread_list=0x000001c5d2bd0070, length=0, elements={
}

Java Threads: ( => current thread )

Other Threads:
  0x000001c5d4c97000 GCTaskThread "GC Thread#0" [stack: 0x0000007e2da00000,0x0000007e2db00000] [id=18032]
  0x000001c5d4cc7000 ConcurrentGCThread "G1 Main Marker" [stack: 0x0000007e2db00000,0x0000007e2dc00000] [id=7736]
  0x000001c5d4cc9800 ConcurrentGCThread "G1 Conc#0" [stack: 0x0000007e2dc00000,0x0000007e2dd00000] [id=10720]

[error occurred during error reporting (printing all threads), id 0xc0000005, EXCEPTION_ACCESS_VIOLATION (0xc0000005) at pc=0x00007ffe10900617]

VM state:not at safepoint (not fully initialized)

VM Mutex/Monitor currently owned by a thread:  ([mutex/lock_event])
[0x000001c5d4c7b950] Heap_lock - owner thread: 0x000001c5d4c7e800

Heap address: 0x0000000082e00000, size: 2002 MB, Compressed Oops mode: Non-zero based: 0x0000000082e00000
Narrow klass base: 0x0000000000000000, Narrow klass shift: 0

GC Heap History (0 events):
No events

Deoptimization events (0 events):
No events

Classes redefined (0 events):
No events

Internal exceptions (0 events):
No events

Events (0 events):
No events


Dynamic libraries:
0x00007ff625f60000 - 0x00007ff625fa7000 	C:\Program Files\Java\jdk-11.0.5\bin\java.exe
0x00007ffe4d5f0000 - 0x00007ffe4d7e5000 	C:\WINDOWS\SYSTEM32\ntdll.dll
0x00007ffe4c050000 - 0x00007ffe4c10d000 	C:\WINDOWS\System32\KERNEL32.DLL
0x00007ffe4ae00000 - 0x00007ffe4b0cd000 	C:\WINDOWS\System32\KERNELBASE.dll
0x00007ffe4c2d0000 - 0x00007ffe4c37e000 	C:\WINDOWS\System32\ADVAPI32.dll
0x00007ffe4b720000 - 0x00007ffe4b7be000 	C:\WINDOWS\System32\msvcrt.dll
0x00007ffe4c450000 - 0x00007ffe4c4ec000 	C:\WINDOWS\System32\sechost.dll
0x00007ffe4b7c0000 - 0x00007ffe4b8e5000 	C:\WINDOWS\System32\RPCRT4.dll
0x00007ffe4c130000 - 0x00007ffe4c2d0000 	C:\WINDOWS\System32\USER32.dll
0x00007ffe4b0d0000 - 0x00007ffe4b0f2000 	C:\WINDOWS\System32\win32u.dll
0x00007ffe4c410000 - 0x00007ffe4c43a000 	C:\WINDOWS\System32\GDI32.dll
0x00007ffe4b3c0000 - 0x00007ffe4b4cb000 	C:\WINDOWS\System32\gdi32full.dll
0x00007ffe4b130000 - 0x00007ffe4b1cd000 	C:\WINDOWS\System32\msvcp_win.dll
0x00007ffe4ad00000 - 0x00007ffe4ae00000 	C:\WINDOWS\System32\ucrtbase.dll
0x00007ffe32500000 - 0x00007ffe3279a000 	C:\WINDOWS\WinSxS\amd64_microsoft.windows.common-controls_6595b64144ccf1df_6.0.19041.1110_none_60b5254171f9507e\COMCTL32.dll
0x00007ffe3d7c0000 - 0x00007ffe3d7ca000 	C:\WINDOWS\SYSTEM32\VERSION.dll
0x00007ffe4c8c0000 - 0x00007ffe4c8f0000 	C:\WINDOWS\System32\IMM32.DLL
0x00007ffe15950000 - 0x00007ffe15966000 	C:\Program Files\Java\jdk-11.0.5\bin\vcruntime140.dll
0x00007ffe11130000 - 0x00007ffe111da000 	C:\Program Files\Java\jdk-11.0.5\bin\msvcp140.dll
0x00007ffe10600000 - 0x00007ffe11128000 	C:\Program Files\Java\jdk-11.0.5\bin\server\jvm.dll
0x00007ffe4c440000 - 0x00007ffe4c448000 	C:\WINDOWS\System32\PSAPI.DLL
0x00007ffe1f4a0000 - 0x00007ffe1f4a9000 	C:\WINDOWS\SYSTEM32\WSOCK32.dll
0x00007ffe30c80000 - 0x00007ffe30ca7000 	C:\WINDOWS\SYSTEM32\WINMM.dll
0x00007ffe4cdf0000 - 0x00007ffe4ce5b000 	C:\WINDOWS\System32\WS2_32.dll
0x00007ffe49550000 - 0x00007ffe49562000 	C:\WINDOWS\SYSTEM32\kernel.appcore.dll
0x00007ffe2dd80000 - 0x00007ffe2dd91000 	C:\Program Files\Java\jdk-11.0.5\bin\verify.dll
0x00007ffe48ad0000 - 0x00007ffe48cb4000 	C:\WINDOWS\SYSTEM32\DBGHELP.DLL
0x00007ffe2b550000 - 0x00007ffe2b57c000 	C:\WINDOWS\SYSTEM32\dbgcore.DLL
0x00007ffe4b330000 - 0x00007ffe4b3b2000 	C:\WINDOWS\System32\bcryptPrimitives.dll
0x00007ffe2dd50000 - 0x00007ffe2dd79000 	C:\Program Files\Java\jdk-11.0.5\bin\java.dll
0x00007ffe24dc0000 - 0x00007ffe24def000 	C:\Program Files\Java\jdk-11.0.5\bin\instrument.dll
0x00007ffe2dd30000 - 0x00007ffe2dd46000 	C:\Program Files\Java\jdk-11.0.5\bin\zip.dll
0x00007ffe2dd20000 - 0x00007ffe2dd2a000 	C:\Program Files\Java\jdk-11.0.5\bin\jimage.dll

dbghelp: loaded successfully - version: 4.0.5 - missing functions: none
symbol engine: initialized successfully - sym options: 0x614 - pdb path: .;C:\Program Files\Java\jdk-11.0.5\bin;C:\WINDOWS\SYSTEM32;C:\WINDOWS\WinSxS\amd64_microsoft.windows.common-controls_6595b64144ccf1df_6.0.19041.1110_none_60b5254171f9507e;C:\Program Files\Java\jdk-11.0.5\bin\server

VM Arguments:
jvm_args: -XX:TieredStopAtLevel=1 -Xverify:none -Dspring.output.ansi.enabled=always -Dcom.sun.management.jmxremote -Dspring.jmx.enabled=true -Dspring.liveBeansView.mbeanDomain -Dspring.application.admin.enabled=true -javaagent:C:\Program Files\JetBrains\IntelliJ IDEA 2020.2.3\lib\idea_rt.jar=64800:C:\Program Files\JetBrains\IntelliJ IDEA 2020.2.3\bin -Dfile.encoding=UTF-8 
java_command: kr.co.fastcampus.eatgo.EatgoApplication
java_class_path (initial): C:\SPRING\eatgo\eatgo-api\build\classes\java\main;C:\SPRING\eatgo\eatgo-api\build\resources\main;C:\Users\Administrator\.gradle\caches\modules-2\files-2.1\org.projectlombok\lombok\1.18.22\9c08ea24c6eb714e2d6170e8122c069a0ba9aacf\lombok-1.18.22.jar;C:\Users\Administrator\.gradle\caches\modules-2\files-2.1\org.springframework.boot\spring-boot-starter-web\2.6.6\7aa73898044e9fb7dc71dbf4d4e0f2fbcc7ce25f\spring-boot-starter-web-2.6.6.jar;C:\Users\Administrator\.gradle\caches\modules-2\files-2.1\org.springframework.boot\spring-boot-starter-data-jpa\2.6.6\30942753cd29132913a5b642dc5b045c1cb18fd9\spring-boot-starter-data-jpa-2.6.6.jar;C:\Users\Administrator\.gradle\caches\modules-2\files-2.1\com.h2database\h2\1.4.200\f7533fe7cb8e99c87a43d325a77b4b678ad9031a\h2-1.4.200.jar;C:\Users\Administrator\.gradle\caches\modules-2\files-2.1\org.springframework.boot\spring-boot-starter-json\2.6.6\6f405fb0ebe73841e4494aa65cf2f91d7dc2ae7f\spring-boot-starter-json-2.6.6.jar;C:\Users\Administrator\.gradle\caches\modules-2\files-2.1\org.springframework.boot\spring-boot-starter\2.6.6\b34b4f0c1e99edc181ea40a6b1b79fa72658ee04\spring-boot-starter-2.6.6.jar;C:\Users\Administrator\.gradle\caches\modules-2\files-2.1\org.springframework.boot\spring-boot-starter-tomcat\2.6.6\2076a0fd75e63b57dd149a0ccf7a1545e3f1aec3\spring-boot-starter-tomcat-2.6.6.jar;C:\Users\Administrator\.gradle\caches\modules-2\files-2.1\org.springframework\spring-webmvc\5.3.18\806b4ac997761daa32cba3f766d8ac09c132fe81\spring-webmvc-5.3.18.jar;C:\Users\Administrator\.gradle\caches\modules-2\files-2.1\org.springframework\spring-web\5.3.18\8db103c4109e925ec6f5fbfe577d447d3e95ded5\spring-web-5.3.18.jar;C:\Users\Administrator\.gradle\caches\modules-2\files-2.1\org.springframework.boot\spring-boot-starter-aop\2.6.6\d08c239992526803aa4f7fc4e74f243ccc337ebb\spring-boot-starter-aop-2.6.6.jar;C:\Users\Administrator\.gradle\caches\modules-2\files-2.1\org.springframework.boot\spring-boot-starter-jdbc\2.6.6\c0ee383
Launcher Type: SUN_STANDARD

[Global flags]
     bool BytecodeVerificationLocal                = false                                     {product} {command line}
     bool BytecodeVerificationRemote               = false                                     {product} {command line}
     intx CICompilerCount                          = 4                                         {product} {ergonomic}
     uint ConcGCThreads                            = 2                                         {product} {ergonomic}
     uint G1ConcRefinementThreads                  = 8                                         {product} {ergonomic}
   size_t G1HeapRegionSize                         = 1048576                                   {product} {ergonomic}
    uintx GCDrainStackTargetSize                   = 64                                        {product} {ergonomic}
   size_t InitialHeapSize                          = 132120576                                 {product} {ergonomic}
     bool ManagementServer                         = true                                      {product} {command line}
   size_t MarkStackSize                            = 4194304                                   {product} {ergonomic}
   size_t MaxHeapSize                              = 2099249152                                {product} {ergonomic}
   size_t MinHeapDeltaBytes                        = 1048576                                   {product} {ergonomic}
    uintx NonNMethodCodeHeapSize                   = 7549744                                {pd product} {ergonomic}
    uintx NonProfiledCodeHeapSize                  = 244108496                              {pd product} {ergonomic}
    uintx ProfiledCodeHeapSize                     = 0                                      {pd product} {ergonomic}
    uintx ReservedCodeCacheSize                    = 251658240                              {pd product} {ergonomic}
     bool SegmentedCodeCache                       = true                                      {product} {ergonomic}
     intx TieredStopAtLevel                        = 1                                         {product} {command line}
     bool UseCompressedClassPointers               = true                                 {lp64_product} {ergonomic}
     bool UseCompressedOops                        = true                                 {lp64_product} {ergonomic}
     bool UseG1GC                                  = true                                      {product} {ergonomic}
     bool UseLargePagesIndividualAllocation        = false                                  {pd product} {ergonomic}

Logging:
Log output configuration:
 #0: stdout all=warning uptime,level,tags
 #1: stderr all=off uptime,level,tags

Environment Variables:
JAVA_HOME=C:\Program Files\Java\jdk-11.0.5
PATH=C:\Python39\Scripts\;C:\Python39\;C:\oraclexe\app\oracle\product\11.2.0\server\bin;C:\app\Administrator\product\11.2.0\client_1;C:\Program Files (x86)\NAT Service;C:\Windows\system32;C:\Windows;C:\Windows\System32\Wbem;C:\Windows\System32\WindowsPowerShell\v1.0\;C:\Windows\System32\OpenSSH\;C:\Program Files (x86)\NVIDIA Corporation\PhysX\Common;C:\Program Files\Java\jdk-11.0.5\bin;C:\WINDOWS\system32;C:\WINDOWS;C:\WINDOWS\System32\Wbem;C:\WINDOWS\System32\WindowsPowerShell\v1.0\;C:\WINDOWS\System32\OpenSSH\;C:\Program Files\Microsoft SQL Server\Client SDK\ODBC\170\Tools\Binn\;C:\Program Files (x86)\Microsoft SQL Server\150\Tools\Binn\;C:\Program Files\Microsoft SQL Server\150\Tools\Binn\;C:\Program Files\Microsoft SQL Server\150\DTS\Binn\;C:\Program Files\Git\cmd;C:\HashiCorp\Vagrant\bin;C:\pleiades\xampp\php;C:\ProgramData\ComposerSetup\bin;C:\ProgramData\chocolatey\bin;C:\Program Files\nodejs\;C:\Program Files\NVIDIA Corporation\NVIDIA NvDLISR;C:\WINDOWS\system32;C:\WINDOWS;C:\WINDOWS\System32\Wbem;C:\WINDOWS\System32\WindowsPowerShell\v1.0\;C:\WINDOWS\System32\OpenSSH\;C:\Users\Administrator\AppData\Local\Programs\Python\Python39\Scripts\;C:\Users\Administrator\AppData\Local\Programs\Python\Python39\;C:\Program Files\MySQL\MySQL Shell 8.0\bin\;C:\Users\Administrator\AppData\Local\Microsoft\WindowsApps;C:\Program Files\JetBrains\IntelliJ IDEA 2020.2.3\bin;C:\Users\Administrator\AppData\Local\Programs\Microsoft VS Code\bin;C:\Program Files\Azure Data Studio\bin;C:\pleiades\xampp\php;C:\Users\Administrator\AppData\Local\atom\bin;C:\Program Files\JetBrains\PhpStorm 2020.3.2\bin;;C:\Users\Administrator\AppData\Roaming\Composer\vendor\bin;C:\Users\Administrator\AppData\Roaming\npm;C:\Users\Administrator\AppData\Local\Microsoft\WindowsApps;
USERNAME=Administrator
OS=Windows_NT
PROCESSOR_IDENTIFIER=Intel64 Family 6 Model 142 Stepping 11, GenuineIntel



---------------  S Y S T E M  ---------------

OS: Windows 10 , 64 bit Build 19041 (10.0.19041.1706)

CPU:total 8 (initial active 8) (4 cores per cpu, 2 threads per core) family 6 model 142 stepping 11, cmov, cx8, fxsr, mmx, sse, sse2, sse3, ssse3, sse4.1, sse4.2, popcnt, avx, avx2, aes, clmul, erms, 3dnowpref, lzcnt, ht, tsc, tscinvbit, bmi1, bmi2, adx, fma

Memory: 4k page, system-wide physical 8005M (1892M free)
TotalPageFile size 8005M (AvailPageFile size 48M)
current process WorkingSet (physical memory assigned to process): 10M, peak: 10M
current process commit charge ("private bytes"): 57M, peak: 183M

vm_info: Java HotSpot(TM) 64-Bit Server VM (11.0.5+10-LTS) for windows-amd64 JRE (11.0.5+10-LTS), built on Oct  6 2019 12:37:14 by "mach5one" with MS VC++ 15.5 (VS2017)

END.
